This is pdfTeX, Version 3.14159265-2.6-1.40.17 (TeX Live 2016) (preloaded format=pdflatex 2016.5.22)  31 OCT 2017 22:38
entering extended mode
 restricted \write18 enabled.
 %&-line parsing enabled.
**main.tex
(./main.tex
LaTeX2e <2016/03/31>
Babel <3.9r> and hyphenation patterns for 83 language(s) loaded.
(/usr/local/texlive/2016/texmf-dist/tex/latex/base/report.cls
Document Class: report 2014/09/29 v1.4h Standard LaTeX document class
(/usr/local/texlive/2016/texmf-dist/tex/latex/base/size12.clo
File: size12.clo 2014/09/29 v1.4h Standard LaTeX file (size option)
)
\c@part=\count79
\c@chapter=\count80
\c@section=\count81
\c@subsection=\count82
\c@subsubsection=\count83
\c@paragraph=\count84
\c@subparagraph=\count85
\c@figure=\count86
\c@table=\count87
\abovecaptionskip=\skip41
\belowcaptionskip=\skip42
\bibindent=\dimen102
)
\@input{header.aux}
\openout2 = `header.aux'.

(./header.tex
(/usr/local/texlive/2016/texmf-dist/tex/latex/titlesec/titlesec.sty
Package: titlesec 2016/03/21 v2.10.2 Sectioning titles
\ttl@box=\box26
\beforetitleunit=\skip43
\aftertitleunit=\skip44
\ttl@plus=\dimen103
\ttl@minus=\dimen104
\ttl@toksa=\toks14
\titlewidth=\dimen105
\titlewidthlast=\dimen106
\titlewidthfirst=\dimen107
)
(/usr/local/texlive/2016/texmf-dist/tex/latex/base/fontenc.sty
Package: fontenc 2005/09/27 v1.99g Standard LaTeX package

(/usr/local/texlive/2016/texmf-dist/tex/latex/base/t1enc.def
File: t1enc.def 2005/09/27 v1.99g Standard LaTeX file
LaTeX Font Info:    Redeclaring font encoding T1 on input line 48.
))
(/usr/local/texlive/2016/texmf-dist/tex/latex/base/inputenc.sty
Package: inputenc 2015/03/17 v1.2c Input encoding file
\inpenc@prehook=\toks15
\inpenc@posthook=\toks16

(/usr/local/texlive/2016/texmf-dist/tex/latex/base/utf8.def
File: utf8.def 2016/02/28 v1.1s UTF-8 support for inputenc
Now handling font encoding OML ...
... no UTF-8 mapping file for font encoding OML
Now handling font encoding T1 ...
... processing UTF-8 mapping file for font encoding T1

(/usr/local/texlive/2016/texmf-dist/tex/latex/base/t1enc.dfu
File: t1enc.dfu 2016/02/28 v1.1s UTF-8 support for inputenc
   defining Unicode char U+00A0 (decimal 160)
   defining Unicode char U+00A1 (decimal 161)
   defining Unicode char U+00A3 (decimal 163)
   defining Unicode char U+00AB (decimal 171)
   defining Unicode char U+00AD (decimal 173)
   defining Unicode char U+00BB (decimal 187)
   defining Unicode char U+00BF (decimal 191)
   defining Unicode char U+00C0 (decimal 192)
   defining Unicode char U+00C1 (decimal 193)
   defining Unicode char U+00C2 (decimal 194)
   defining Unicode char U+00C3 (decimal 195)
   defining Unicode char U+00C4 (decimal 196)
   defining Unicode char U+00C5 (decimal 197)
   defining Unicode char U+00C6 (decimal 198)
   defining Unicode char U+00C7 (decimal 199)
   defining Unicode char U+00C8 (decimal 200)
   defining Unicode char U+00C9 (decimal 201)
   defining Unicode char U+00CA (decimal 202)
   defining Unicode char U+00CB (decimal 203)
   defining Unicode char U+00CC (decimal 204)
   defining Unicode char U+00CD (decimal 205)
   defining Unicode char U+00CE (decimal 206)
   defining Unicode char U+00CF (decimal 207)
   defining Unicode char U+00D0 (decimal 208)
   defining Unicode char U+00D1 (decimal 209)
   defining Unicode char U+00D2 (decimal 210)
   defining Unicode char U+00D3 (decimal 211)
   defining Unicode char U+00D4 (decimal 212)
   defining Unicode char U+00D5 (decimal 213)
   defining Unicode char U+00D6 (decimal 214)
   defining Unicode char U+00D8 (decimal 216)
   defining Unicode char U+00D9 (decimal 217)
   defining Unicode char U+00DA (decimal 218)
   defining Unicode char U+00DB (decimal 219)
   defining Unicode char U+00DC (decimal 220)
   defining Unicode char U+00DD (decimal 221)
   defining Unicode char U+00DE (decimal 222)
   defining Unicode char U+00DF (decimal 223)
   defining Unicode char U+00E0 (decimal 224)
   defining Unicode char U+00E1 (decimal 225)
   defining Unicode char U+00E2 (decimal 226)
   defining Unicode char U+00E3 (decimal 227)
   defining Unicode char U+00E4 (decimal 228)
   defining Unicode char U+00E5 (decimal 229)
   defining Unicode char U+00E6 (decimal 230)
   defining Unicode char U+00E7 (decimal 231)
   defining Unicode char U+00E8 (decimal 232)
   defining Unicode char U+00E9 (decimal 233)
   defining Unicode char U+00EA (decimal 234)
   defining Unicode char U+00EB (decimal 235)
   defining Unicode char U+00EC (decimal 236)
   defining Unicode char U+00ED (decimal 237)
   defining Unicode char U+00EE (decimal 238)
   defining Unicode char U+00EF (decimal 239)
   defining Unicode char U+00F0 (decimal 240)
   defining Unicode char U+00F1 (decimal 241)
   defining Unicode char U+00F2 (decimal 242)
   defining Unicode char U+00F3 (decimal 243)
   defining Unicode char U+00F4 (decimal 244)
   defining Unicode char U+00F5 (decimal 245)
   defining Unicode char U+00F6 (decimal 246)
   defining Unicode char U+00F8 (decimal 248)
   defining Unicode char U+00F9 (decimal 249)
   defining Unicode char U+00FA (decimal 250)
   defining Unicode char U+00FB (decimal 251)
   defining Unicode char U+00FC (decimal 252)
   defining Unicode char U+00FD (decimal 253)
   defining Unicode char U+00FE (decimal 254)
   defining Unicode char U+00FF (decimal 255)
   defining Unicode char U+0100 (decimal 256)
   defining Unicode char U+0101 (decimal 257)
   defining Unicode char U+0102 (decimal 258)
   defining Unicode char U+0103 (decimal 259)
   defining Unicode char U+0104 (decimal 260)
   defining Unicode char U+0105 (decimal 261)
   defining Unicode char U+0106 (decimal 262)
   defining Unicode char U+0107 (decimal 263)
   defining Unicode char U+0108 (decimal 264)
   defining Unicode char U+0109 (decimal 265)
   defining Unicode char U+010A (decimal 266)
   defining Unicode char U+010B (decimal 267)
   defining Unicode char U+010C (decimal 268)
   defining Unicode char U+010D (decimal 269)
   defining Unicode char U+010E (decimal 270)
   defining Unicode char U+010F (decimal 271)
   defining Unicode char U+0110 (decimal 272)
   defining Unicode char U+0111 (decimal 273)
   defining Unicode char U+0112 (decimal 274)
   defining Unicode char U+0113 (decimal 275)
   defining Unicode char U+0114 (decimal 276)
   defining Unicode char U+0115 (decimal 277)
   defining Unicode char U+0116 (decimal 278)
   defining Unicode char U+0117 (decimal 279)
   defining Unicode char U+0118 (decimal 280)
   defining Unicode char U+0119 (decimal 281)
   defining Unicode char U+011A (decimal 282)
   defining Unicode char U+011B (decimal 283)
   defining Unicode char U+011C (decimal 284)
   defining Unicode char U+011D (decimal 285)
   defining Unicode char U+011E (decimal 286)
   defining Unicode char U+011F (decimal 287)
   defining Unicode char U+0120 (decimal 288)
   defining Unicode char U+0121 (decimal 289)
   defining Unicode char U+0122 (decimal 290)
   defining Unicode char U+0123 (decimal 291)
   defining Unicode char U+0124 (decimal 292)
   defining Unicode char U+0125 (decimal 293)
   defining Unicode char U+0128 (decimal 296)
   defining Unicode char U+0129 (decimal 297)
   defining Unicode char U+012A (decimal 298)
   defining Unicode char U+012B (decimal 299)
   defining Unicode char U+012C (decimal 300)
   defining Unicode char U+012D (decimal 301)
   defining Unicode char U+012E (decimal 302)
   defining Unicode char U+012F (decimal 303)
   defining Unicode char U+0130 (decimal 304)
   defining Unicode char U+0131 (decimal 305)
   defining Unicode char U+0132 (decimal 306)
   defining Unicode char U+0133 (decimal 307)
   defining Unicode char U+0134 (decimal 308)
   defining Unicode char U+0135 (decimal 309)
   defining Unicode char U+0136 (decimal 310)
   defining Unicode char U+0137 (decimal 311)
   defining Unicode char U+0139 (decimal 313)
   defining Unicode char U+013A (decimal 314)
   defining Unicode char U+013B (decimal 315)
   defining Unicode char U+013C (decimal 316)
   defining Unicode char U+013D (decimal 317)
   defining Unicode char U+013E (decimal 318)
   defining Unicode char U+0141 (decimal 321)
   defining Unicode char U+0142 (decimal 322)
   defining Unicode char U+0143 (decimal 323)
   defining Unicode char U+0144 (decimal 324)
   defining Unicode char U+0145 (decimal 325)
   defining Unicode char U+0146 (decimal 326)
   defining Unicode char U+0147 (decimal 327)
   defining Unicode char U+0148 (decimal 328)
   defining Unicode char U+014A (decimal 330)
   defining Unicode char U+014B (decimal 331)
   defining Unicode char U+014C (decimal 332)
   defining Unicode char U+014D (decimal 333)
   defining Unicode char U+014E (decimal 334)
   defining Unicode char U+014F (decimal 335)
   defining Unicode char U+0150 (decimal 336)
   defining Unicode char U+0151 (decimal 337)
   defining Unicode char U+0152 (decimal 338)
   defining Unicode char U+0153 (decimal 339)
   defining Unicode char U+0154 (decimal 340)
   defining Unicode char U+0155 (decimal 341)
   defining Unicode char U+0156 (decimal 342)
   defining Unicode char U+0157 (decimal 343)
   defining Unicode char U+0158 (decimal 344)
   defining Unicode char U+0159 (decimal 345)
   defining Unicode char U+015A (decimal 346)
   defining Unicode char U+015B (decimal 347)
   defining Unicode char U+015C (decimal 348)
   defining Unicode char U+015D (decimal 349)
   defining Unicode char U+015E (decimal 350)
   defining Unicode char U+015F (decimal 351)
   defining Unicode char U+0160 (decimal 352)
   defining Unicode char U+0161 (decimal 353)
   defining Unicode char U+0162 (decimal 354)
   defining Unicode char U+0163 (decimal 355)
   defining Unicode char U+0164 (decimal 356)
   defining Unicode char U+0165 (decimal 357)
   defining Unicode char U+0168 (decimal 360)
   defining Unicode char U+0169 (decimal 361)
   defining Unicode char U+016A (decimal 362)
   defining Unicode char U+016B (decimal 363)
   defining Unicode char U+016C (decimal 364)
   defining Unicode char U+016D (decimal 365)
   defining Unicode char U+016E (decimal 366)
   defining Unicode char U+016F (decimal 367)
   defining Unicode char U+0170 (decimal 368)
   defining Unicode char U+0171 (decimal 369)
   defining Unicode char U+0172 (decimal 370)
   defining Unicode char U+0173 (decimal 371)
   defining Unicode char U+0174 (decimal 372)
   defining Unicode char U+0175 (decimal 373)
   defining Unicode char U+0176 (decimal 374)
   defining Unicode char U+0177 (decimal 375)
   defining Unicode char U+0178 (decimal 376)
   defining Unicode char U+0179 (decimal 377)
   defining Unicode char U+017A (decimal 378)
   defining Unicode char U+017B (decimal 379)
   defining Unicode char U+017C (decimal 380)
   defining Unicode char U+017D (decimal 381)
   defining Unicode char U+017E (decimal 382)
   defining Unicode char U+01CD (decimal 461)
   defining Unicode char U+01CE (decimal 462)
   defining Unicode char U+01CF (decimal 463)
   defining Unicode char U+01D0 (decimal 464)
   defining Unicode char U+01D1 (decimal 465)
   defining Unicode char U+01D2 (decimal 466)
   defining Unicode char U+01D3 (decimal 467)
   defining Unicode char U+01D4 (decimal 468)
   defining Unicode char U+01E2 (decimal 482)
   defining Unicode char U+01E3 (decimal 483)
   defining Unicode char U+01E6 (decimal 486)
   defining Unicode char U+01E7 (decimal 487)
   defining Unicode char U+01E8 (decimal 488)
   defining Unicode char U+01E9 (decimal 489)
   defining Unicode char U+01EA (decimal 490)
   defining Unicode char U+01EB (decimal 491)
   defining Unicode char U+01F0 (decimal 496)
   defining Unicode char U+01F4 (decimal 500)
   defining Unicode char U+01F5 (decimal 501)
   defining Unicode char U+0218 (decimal 536)
   defining Unicode char U+0219 (decimal 537)
   defining Unicode char U+021A (decimal 538)
   defining Unicode char U+021B (decimal 539)
   defining Unicode char U+1E02 (decimal 7682)
   defining Unicode char U+1E03 (decimal 7683)
   defining Unicode char U+200C (decimal 8204)
   defining Unicode char U+2010 (decimal 8208)
   defining Unicode char U+2011 (decimal 8209)
   defining Unicode char U+2012 (decimal 8210)
   defining Unicode char U+2013 (decimal 8211)
   defining Unicode char U+2014 (decimal 8212)
   defining Unicode char U+2015 (decimal 8213)
   defining Unicode char U+2018 (decimal 8216)
   defining Unicode char U+2019 (decimal 8217)
   defining Unicode char U+201A (decimal 8218)
   defining Unicode char U+201C (decimal 8220)
   defining Unicode char U+201D (decimal 8221)
   defining Unicode char U+201E (decimal 8222)
   defining Unicode char U+2030 (decimal 8240)
   defining Unicode char U+2031 (decimal 8241)
   defining Unicode char U+2039 (decimal 8249)
   defining Unicode char U+203A (decimal 8250)
   defining Unicode char U+2423 (decimal 9251)
)
Now handling font encoding OT1 ...
... processing UTF-8 mapping file for font encoding OT1

(/usr/local/texlive/2016/texmf-dist/tex/latex/base/ot1enc.dfu
File: ot1enc.dfu 2016/02/28 v1.1s UTF-8 support for inputenc
   defining Unicode char U+00A0 (decimal 160)
   defining Unicode char U+00A1 (decimal 161)
   defining Unicode char U+00A3 (decimal 163)
   defining Unicode char U+00AD (decimal 173)
   defining Unicode char U+00B8 (decimal 184)
   defining Unicode char U+00BF (decimal 191)
   defining Unicode char U+00C5 (decimal 197)
   defining Unicode char U+00C6 (decimal 198)
   defining Unicode char U+00D8 (decimal 216)
   defining Unicode char U+00DF (decimal 223)
   defining Unicode char U+00E6 (decimal 230)
   defining Unicode char U+00EC (decimal 236)
   defining Unicode char U+00ED (decimal 237)
   defining Unicode char U+00EE (decimal 238)
   defining Unicode char U+00EF (decimal 239)
   defining Unicode char U+00F8 (decimal 248)
   defining Unicode char U+0131 (decimal 305)
   defining Unicode char U+0141 (decimal 321)
   defining Unicode char U+0142 (decimal 322)
   defining Unicode char U+0152 (decimal 338)
   defining Unicode char U+0153 (decimal 339)
   defining Unicode char U+0174 (decimal 372)
   defining Unicode char U+0175 (decimal 373)
   defining Unicode char U+0176 (decimal 374)
   defining Unicode char U+0177 (decimal 375)
   defining Unicode char U+0218 (decimal 536)
   defining Unicode char U+0219 (decimal 537)
   defining Unicode char U+021A (decimal 538)
   defining Unicode char U+021B (decimal 539)
   defining Unicode char U+2013 (decimal 8211)
   defining Unicode char U+2014 (decimal 8212)
   defining Unicode char U+2018 (decimal 8216)
   defining Unicode char U+2019 (decimal 8217)
   defining Unicode char U+201C (decimal 8220)
   defining Unicode char U+201D (decimal 8221)
)
Now handling font encoding OMS ...
... processing UTF-8 mapping file for font encoding OMS

(/usr/local/texlive/2016/texmf-dist/tex/latex/base/omsenc.dfu
File: omsenc.dfu 2016/02/28 v1.1s UTF-8 support for inputenc
   defining Unicode char U+00A7 (decimal 167)
   defining Unicode char U+00B6 (decimal 182)
   defining Unicode char U+00B7 (decimal 183)
   defining Unicode char U+2020 (decimal 8224)
   defining Unicode char U+2021 (decimal 8225)
   defining Unicode char U+2022 (decimal 8226)
)
Now handling font encoding OMX ...
... no UTF-8 mapping file for font encoding OMX
Now handling font encoding U ...
... no UTF-8 mapping file for font encoding U
   defining Unicode char U+00A9 (decimal 169)
   defining Unicode char U+00AA (decimal 170)
   defining Unicode char U+00AE (decimal 174)
   defining Unicode char U+00BA (decimal 186)
   defining Unicode char U+02C6 (decimal 710)
   defining Unicode char U+02DC (decimal 732)
   defining Unicode char U+200C (decimal 8204)
   defining Unicode char U+2026 (decimal 8230)
   defining Unicode char U+2122 (decimal 8482)
   defining Unicode char U+2423 (decimal 9251)
))
(/usr/local/texlive/2016/texmf-dist/tex/latex/lm/lmodern.sty
Package: lmodern 2009/10/30 v1.6 Latin Modern Fonts
LaTeX Font Info:    Overwriting symbol font `operators' in version `normal'
(Font)                  OT1/cmr/m/n --> OT1/lmr/m/n on input line 22.
LaTeX Font Info:    Overwriting symbol font `letters' in version `normal'
(Font)                  OML/cmm/m/it --> OML/lmm/m/it on input line 23.
LaTeX Font Info:    Overwriting symbol font `symbols' in version `normal'
(Font)                  OMS/cmsy/m/n --> OMS/lmsy/m/n on input line 24.
LaTeX Font Info:    Overwriting symbol font `largesymbols' in version `normal'
(Font)                  OMX/cmex/m/n --> OMX/lmex/m/n on input line 25.
LaTeX Font Info:    Overwriting symbol font `operators' in version `bold'
(Font)                  OT1/cmr/bx/n --> OT1/lmr/bx/n on input line 26.
LaTeX Font Info:    Overwriting symbol font `letters' in version `bold'
(Font)                  OML/cmm/b/it --> OML/lmm/b/it on input line 27.
LaTeX Font Info:    Overwriting symbol font `symbols' in version `bold'
(Font)                  OMS/cmsy/b/n --> OMS/lmsy/b/n on input line 28.
LaTeX Font Info:    Overwriting symbol font `largesymbols' in version `bold'
(Font)                  OMX/cmex/m/n --> OMX/lmex/m/n on input line 29.
LaTeX Font Info:    Overwriting math alphabet `\mathbf' in version `normal'
(Font)                  OT1/cmr/bx/n --> OT1/lmr/bx/n on input line 31.
LaTeX Font Info:    Overwriting math alphabet `\mathsf' in version `normal'
(Font)                  OT1/cmss/m/n --> OT1/lmss/m/n on input line 32.
LaTeX Font Info:    Overwriting math alphabet `\mathit' in version `normal'
(Font)                  OT1/cmr/m/it --> OT1/lmr/m/it on input line 33.
LaTeX Font Info:    Overwriting math alphabet `\mathtt' in version `normal'
(Font)                  OT1/cmtt/m/n --> OT1/lmtt/m/n on input line 34.
LaTeX Font Info:    Overwriting math alphabet `\mathbf' in version `bold'
(Font)                  OT1/cmr/bx/n --> OT1/lmr/bx/n on input line 35.
LaTeX Font Info:    Overwriting math alphabet `\mathsf' in version `bold'
(Font)                  OT1/cmss/bx/n --> OT1/lmss/bx/n on input line 36.
LaTeX Font Info:    Overwriting math alphabet `\mathit' in version `bold'
(Font)                  OT1/cmr/bx/it --> OT1/lmr/bx/it on input line 37.
LaTeX Font Info:    Overwriting math alphabet `\mathtt' in version `bold'
(Font)                  OT1/cmtt/m/n --> OT1/lmtt/m/n on input line 38.
)
(/usr/local/texlive/2016/texmf-dist/tex/latex/amscls/amsthm.sty
Package: amsthm 2015/03/04 v2.20.2
\thm@style=\toks17
\thm@bodyfont=\toks18
\thm@headfont=\toks19
\thm@notefont=\toks20
\thm@headpunct=\toks21
\thm@preskip=\skip45
\thm@postskip=\skip46
\thm@headsep=\skip47
\dth@everypar=\toks22
)
(/usr/local/texlive/2016/texmf-dist/tex/latex/amsmath/amsmath.sty
Package: amsmath 2016/03/10 v2.15b AMS math features
\@mathmargin=\skip48

For additional information on amsmath, use the `?' option.
(/usr/local/texlive/2016/texmf-dist/tex/latex/amsmath/amstext.sty
Package: amstext 2000/06/29 v2.01 AMS text

(/usr/local/texlive/2016/texmf-dist/tex/latex/amsmath/amsgen.sty
File: amsgen.sty 1999/11/30 v2.0 generic functions
\@emptytoks=\toks23
\ex@=\dimen108
))
(/usr/local/texlive/2016/texmf-dist/tex/latex/amsmath/amsbsy.sty
Package: amsbsy 1999/11/29 v1.2d Bold Symbols
\pmbraise@=\dimen109
)
(/usr/local/texlive/2016/texmf-dist/tex/latex/amsmath/amsopn.sty
Package: amsopn 2016/03/08 v2.02 operator names
)
\inf@bad=\count88
LaTeX Info: Redefining \frac on input line 199.
\uproot@=\count89
\leftroot@=\count90
LaTeX Info: Redefining \overline on input line 297.
\classnum@=\count91
\DOTSCASE@=\count92
LaTeX Info: Redefining \ldots on input line 394.
LaTeX Info: Redefining \dots on input line 397.
LaTeX Info: Redefining \cdots on input line 518.
\Mathstrutbox@=\box27
\strutbox@=\box28
\big@size=\dimen110
LaTeX Font Info:    Redeclaring font encoding OML on input line 634.
LaTeX Font Info:    Redeclaring font encoding OMS on input line 635.
\macc@depth=\count93
\c@MaxMatrixCols=\count94
\dotsspace@=\muskip10
\c@parentequation=\count95
\dspbrk@lvl=\count96
\tag@help=\toks24
\row@=\count97
\column@=\count98
\maxfields@=\count99
\andhelp@=\toks25
\eqnshift@=\dimen111
\alignsep@=\dimen112
\tagshift@=\dimen113
\tagwidth@=\dimen114
\totwidth@=\dimen115
\lineht@=\dimen116
\@envbody=\toks26
\multlinegap=\skip49
\multlinetaggap=\skip50
\mathdisplay@stack=\toks27
LaTeX Info: Redefining \[ on input line 2739.
LaTeX Info: Redefining \] on input line 2740.
)
(/usr/local/texlive/2016/texmf-dist/tex/latex/amsfonts/amssymb.sty
Package: amssymb 2013/01/14 v3.01 AMS font symbols

(/usr/local/texlive/2016/texmf-dist/tex/latex/amsfonts/amsfonts.sty
Package: amsfonts 2013/01/14 v3.01 Basic AMSFonts support
\symAMSa=\mathgroup4
\symAMSb=\mathgroup5
LaTeX Font Info:    Overwriting math alphabet `\mathfrak' in version `bold'
(Font)                  U/euf/m/n --> U/euf/b/n on input line 106.
))
(/usr/local/texlive/2016/texmf-dist/tex/latex/tools/bm.sty
Package: bm 2016/02/27 v1.2a Bold Symbol Support (DPC/FMi)
\symboldoperators=\mathgroup6
\symboldletters=\mathgroup7
\symboldsymbols=\mathgroup8
LaTeX Font Info:    Redeclaring math alphabet \mathbf on input line 142.
LaTeX Info: Redefining \bm on input line 208.
)
(/usr/local/texlive/2016/texmf-dist/tex/latex/cite/chapterbib.sty
\c@inputfile=\count100
Package: chapterbib 2010/09/18  v 1.17
)
(/usr/local/texlive/2016/texmf-dist/tex/latex/rotating/rotating.sty
Package: rotating 2009/03/28 v2.16a rotated objects in LaTeX

(/usr/local/texlive/2016/texmf-dist/tex/latex/graphics/graphicx.sty
Package: graphicx 2014/10/28 v1.0g Enhanced LaTeX Graphics (DPC,SPQR)

(/usr/local/texlive/2016/texmf-dist/tex/latex/graphics/keyval.sty
Package: keyval 2014/10/28 v1.15 key=value parser (DPC)
\KV@toks@=\toks28
)
(/usr/local/texlive/2016/texmf-dist/tex/latex/graphics/graphics.sty
Package: graphics 2016/05/09 v1.0r Standard LaTeX Graphics (DPC,SPQR)

(/usr/local/texlive/2016/texmf-dist/tex/latex/graphics/trig.sty
Package: trig 2016/01/03 v1.10 sin cos tan (DPC)
)
(/usr/local/texlive/2016/texmf-dist/tex/latex/graphics-cfg/graphics.cfg
File: graphics.cfg 2016/01/02 v1.10 sample graphics configuration
)
Package graphics Info: Driver file: pdftex.def on input line 96.

(/usr/local/texlive/2016/texmf-dist/tex/latex/pdftex-def/pdftex.def
File: pdftex.def 2011/05/27 v0.06d Graphics/color for pdfTeX

(/usr/local/texlive/2016/texmf-dist/tex/generic/oberdiek/infwarerr.sty
Package: infwarerr 2016/05/16 v1.4 Providing info/warning/error messages (HO)
)
(/usr/local/texlive/2016/texmf-dist/tex/generic/oberdiek/ltxcmds.sty
Package: ltxcmds 2016/05/16 v1.23 LaTeX kernel commands for general use (HO)
)
\Gread@gobject=\count101
))
\Gin@req@height=\dimen117
\Gin@req@width=\dimen118
)
(/usr/local/texlive/2016/texmf-dist/tex/latex/base/ifthen.sty
Package: ifthen 2014/09/29 v1.1c Standard LaTeX ifthen package (DPC)
)
\c@r@tfl@t=\count102
\rotFPtop=\skip51
\rotFPbot=\skip52
\rot@float@box=\box29
\rot@mess@toks=\toks29
)
(/usr/local/texlive/2016/texmf-dist/tex/latex/was/gensymb.sty
Package: gensymb 2003/07/02 v1.0 (WaS)
)
(/usr/local/texlive/2016/texmf-dist/tex/generic/xypic/xy.sty
(/usr/local/texlive/2016/texmf-dist/tex/generic/xypic/xy.tex Bootstrap'ing:
catcodes, docmode,
(/usr/local/texlive/2016/texmf-dist/tex/generic/xypic/xyrecat.tex)
(/usr/local/texlive/2016/texmf-dist/tex/generic/xypic/xyidioms.tex)

 Xy-pic version 3.8.9 <2013/10/06>
 Copyright (c) 1991-2013 by Kristoffer H. Rose <krisrose@tug.org> and others
 Xy-pic is free software: see the User's Guide for details.

Loading kernel: messages; fonts; allocations: state,
\X@c=\dimen119
\Y@c=\dimen120
\U@c=\dimen121
\D@c=\dimen122
\L@c=\dimen123
\R@c=\dimen124
\Edge@c=\toks30
\X@p=\dimen125
\Y@p=\dimen126
\U@p=\dimen127
\D@p=\dimen128
\L@p=\dimen129
\R@p=\dimen130
\Edge@p=\toks31
\X@origin=\dimen131
\Y@origin=\dimen132
\X@xbase=\dimen133
\Y@xbase=\dimen134
\X@ybase=\dimen135
\Y@ybase=\dimen136
\X@min=\dimen137
\Y@min=\dimen138
\X@max=\dimen139
\Y@max=\dimen140
\lastobjectbox@=\box30
\zerodotbox@=\box31
\almostz@=\dimen141
 direction,
\d@X=\dimen142
\d@Y=\dimen143
\K@=\count103
\KK@=\count104
\Direction=\count105
\K@dXdY=\dimen144
\K@dYdX=\dimen145
\xyread@=\read1
\xywrite@=\write3
\csp@=\count106
\quotPTK@=\dimen146

utility macros; pictures: \xy, positions,
\swaptoks@@=\toks32
\connectobjectbox@@=\box32
 objects,
\styletoks@=\toks33
 decorations;
kernel objects: directionals, circles, text; options; algorithms: directions,
edges, connections;  Xy-pic loaded)
(/usr/local/texlive/2016/texmf-dist/tex/generic/oberdiek/ifpdf.sty
Package: ifpdf 2016/05/14 v3.1 Provides the ifpdf switch
)
Package: xy 2013/10/06 Xy-pic version 3.8.9

(/usr/local/texlive/2016/texmf-dist/tex/generic/xypic/xyall.tex
 Xy-pic option: All features v.3.8
(/usr/local/texlive/2016/texmf-dist/tex/generic/xypic/xycurve.tex
 Xy-pic option: Curve and Spline extension v.3.12 curve,
\crv@cnt@=\count107
\crvpts@=\toks34
\splinebox@=\box33
\splineval@=\dimen147
\splinedepth@=\dimen148
\splinetol@=\dimen149
\splinelength@=\dimen150
 circles,
\L@=\dimen151
 loaded)
(/usr/local/texlive/2016/texmf-dist/tex/generic/xypic/xyframe.tex
 Xy-pic option: Frame and Bracket extension v.3.14 loaded)
(/usr/local/texlive/2016/texmf-dist/tex/generic/xypic/xycmtip.tex
 Xy-pic option: Computer Modern tip extension v.3.7
(/usr/local/texlive/2016/texmf-dist/tex/generic/xypic/xytips.tex
 Xy-pic option: More Tips extension v.3.11 loaded) loaded)
(/usr/local/texlive/2016/texmf-dist/tex/generic/xypic/xyline.tex
 Xy-pic option: Line styles extension v.3.10
\xylinethick@=\dimen152
 loaded)
(/usr/local/texlive/2016/texmf-dist/tex/generic/xypic/xyrotate.tex
 Xy-pic option: Rotate and Scale extension v.3.8 loaded)
(/usr/local/texlive/2016/texmf-dist/tex/generic/xypic/xycolor.tex
 Xy-pic option: Colour extension v.3.11 loaded)
(/usr/local/texlive/2016/texmf-dist/tex/generic/xypic/xymatrix.tex
 Xy-pic option: Matrix feature v.3.14
\Row=\count108
\Col=\count109
\queue@=\toks35
\queue@@=\toks36
\qcount@=\count110
\qcount@@=\count111
\matrixsize@=\count112
 loaded)
(/usr/local/texlive/2016/texmf-dist/tex/generic/xypic/xyarrow.tex
 Xy-pic option: Arrow and Path feature v.3.9 path, \ar, loaded)
(/usr/local/texlive/2016/texmf-dist/tex/generic/xypic/xygraph.tex
 Xy-pic option: Graph feature v.3.11 loaded) loaded)
(/usr/local/texlive/2016/texmf-dist/tex/generic/xypic/xypoly.tex
 Xy-pic option: Polygon feature v.3.11 polygons,
\xypolynode@=\count113
 loaded)
(/usr/local/texlive/2016/texmf-dist/tex/generic/xypic/xyps.tex
 Xy-pic option: PostScript backend v.3.12 drivers, hooks, loaded)
(/usr/local/texlive/2016/texmf-dist/tex/generic/xypic/xyps-c.tex
(/usr/local/texlive/2016/texmf-dist/tex/generic/xypic/xyps-s.tex))
(/usr/local/texlive/2016/texmf-dist/tex/generic/xypic/xycolor.tex
 Xy-pic option: Colour extension v.3.11 not reloaded)
(/usr/local/texlive/2016/texmf-dist/tex/generic/xypic/xypdf.tex
 Xy-pic option: PDF driver v.1.7 Xy-pic pdf driver: `color' extension support
(/usr/local/texlive/2016/texmf-dist/tex/generic/xypic/xypdf-co.tex loaded)
Xy-pic pdf driver: `curve' extension support
(/usr/local/texlive/2016/texmf-dist/tex/generic/xypic/xypdf-cu.tex loaded)
Xy-pic pdf driver: `frame' extension support
(/usr/local/texlive/2016/texmf-dist/tex/generic/xypic/xypdf-fr.tex loaded)
Xy-pic pdf driver: `line' extension support
(/usr/local/texlive/2016/texmf-dist/tex/generic/xypic/xypdf-li.tex loaded)
Xy-pic pdf driver: `rotate' extension support
(/usr/local/texlive/2016/texmf-dist/tex/generic/xypic/xypdf-ro.tex loaded)
loaded)) (/usr/local/texlive/2016/texmf-dist/tex/latex/url/url.sty
\Urlmuskip=\muskip11
Package: url 2013/09/16  ver 3.4  Verb mode for urls, etc.
)
(/usr/local/texlive/2016/texmf-dist/tex/latex/graphics/epsfig.sty
Package: epsfig 1999/02/16 v1.7a (e)psfig emulation (SPQR)
\epsfxsize=\dimen153
\epsfysize=\dimen154
)
(/usr/local/texlive/2016/texmf-dist/tex/latex/fancyhdr/fancyhdr.sty
\fancy@headwidth=\skip53
\f@ncyO@elh=\skip54
\f@ncyO@erh=\skip55
\f@ncyO@olh=\skip56
\f@ncyO@orh=\skip57
\f@ncyO@elf=\skip58
\f@ncyO@erf=\skip59
\f@ncyO@olf=\skip60
\f@ncyO@orf=\skip61
)
(/usr/local/texlive/2016/texmf-dist/tex/latex/tools/afterpage.sty
Package: afterpage 2014/10/28 v1.08 After-Page Package (DPC)
\AP@output=\toks37
\AP@partial=\box34
\AP@footins=\box35
)
(/usr/local/texlive/2016/texmf-dist/tex/latex/graphics/color.sty
Package: color 2016/05/09 v1.1c Standard LaTeX Color (DPC)

(/usr/local/texlive/2016/texmf-dist/tex/latex/graphics-cfg/color.cfg
File: color.cfg 2016/01/02 v1.6 sample color configuration
)
Package color Info: Driver file: pdftex.def on input line 144.
)
(/usr/local/texlive/2016/texmf-dist/tex/latex/framed/framed.sty
Package: framed 2011/10/22 v 0.96: framed or shaded text with page breaks
\OuterFrameSep=\skip62
\fb@frw=\dimen155
\fb@frh=\dimen156
\FrameRule=\dimen157
\FrameSep=\dimen158
)
(/usr/local/texlive/2016/texmf-dist/tex/latex/microtype/microtype.sty
Package: microtype 2016/05/14 v2.6a Micro-typographical refinements (RS)
\MT@toks=\toks38
\MT@count=\count114
LaTeX Info: Redefining \textls on input line 774.
\MT@outer@kern=\dimen159
LaTeX Info: Redefining \textmicrotypecontext on input line 1310.
\MT@listname@count=\count115

(/usr/local/texlive/2016/texmf-dist/tex/latex/microtype/microtype-pdftex.def
File: microtype-pdftex.def 2016/05/14 v2.6a Definitions specific to pdftex (RS)

LaTeX Info: Redefining \lsstyle on input line 916.
LaTeX Info: Redefining \lslig on input line 916.
\MT@outer@space=\skip63
)
Package microtype Info: Loading configuration file microtype.cfg.

(/usr/local/texlive/2016/texmf-dist/tex/latex/microtype/microtype.cfg
File: microtype.cfg 2016/05/14 v2.6a microtype main configuration file (RS)
))
(/usr/local/texlive/2016/texmf-dist/tex/latex/calrsfs/calrsfs.sty
\symrsfscript=\mathgroup9
)
(/usr/local/texlive/2016/texmf-dist/tex/latex/tocbibind/tocbibind.sty
Package: tocbibind 2010/10/13 v1.5k extra ToC listings
Package tocbibind Info: The document has chapter divisions on input line 50.


Package tocbibind Note: Using chapter style headings, unless overridden.

) (/usr/local/texlive/2016/texmf-dist/tex/latex/appendix/appendix.sty
Package: appendix 2009/09/02 v1.2b extra appendix facilities
\c@@pps=\count116
\c@@ppsavesec=\count117
\c@@ppsaveapp=\count118
)
(/usr/local/texlive/2016/texmf-dist/tex/latex/hyperref/hyperref.sty
Package: hyperref 2016/05/05 v6.83n Hypertext links for LaTeX

(/usr/local/texlive/2016/texmf-dist/tex/generic/oberdiek/hobsub-hyperref.sty
Package: hobsub-hyperref 2016/05/16 v1.14 Bundle oberdiek, subset hyperref (HO)


(/usr/local/texlive/2016/texmf-dist/tex/generic/oberdiek/hobsub-generic.sty
Package: hobsub-generic 2016/05/16 v1.14 Bundle oberdiek, subset generic (HO)
Package: hobsub 2016/05/16 v1.14 Construct package bundles (HO)
Package hobsub Info: Skipping package `infwarerr' (already loaded).
Package hobsub Info: Skipping package `ltxcmds' (already loaded).
Package: ifluatex 2016/05/16 v1.4 Provides the ifluatex switch (HO)
Package ifluatex Info: LuaTeX not detected.
Package: ifvtex 2016/05/16 v1.6 Detect VTeX and its facilities (HO)
Package ifvtex Info: VTeX not detected.
Package: intcalc 2016/05/16 v1.2 Expandable calculations with integers (HO)
Package hobsub Info: Skipping package `ifpdf' (already loaded).
Package: etexcmds 2016/05/16 v1.6 Avoid name clashes with e-TeX commands (HO)
Package etexcmds Info: Could not find \expanded.
(etexcmds)             That can mean that you are not using pdfTeX 1.50 or
(etexcmds)             that some package has redefined \expanded.
(etexcmds)             In the latter case, load this package earlier.
Package: kvsetkeys 2016/05/16 v1.17 Key value parser (HO)
Package: kvdefinekeys 2016/05/16 v1.4 Define keys (HO)
Package: pdftexcmds 2016/05/10 v0.21 Utility functions of pdfTeX for LuaTeX (HO
)
Package pdftexcmds Info: LuaTeX not detected.
Package pdftexcmds Info: \pdf@primitive is available.
Package pdftexcmds Info: \pdf@ifprimitive is available.
Package pdftexcmds Info: \pdfdraftmode found.
Package: pdfescape 2016/05/16 v1.14 Implements pdfTeX's escape features (HO)
Package: bigintcalc 2016/05/16 v1.4 Expandable calculations on big integers (HO
)
Package: bitset 2016/05/16 v1.2 Handle bit-vector datatype (HO)
Package: uniquecounter 2016/05/16 v1.3 Provide unlimited unique counter (HO)
)
Package hobsub Info: Skipping package `hobsub' (already loaded).
Package: letltxmacro 2016/05/16 v1.5 Let assignment for LaTeX macros (HO)
Package: hopatch 2016/05/16 v1.3 Wrapper for package hooks (HO)
Package: xcolor-patch 2016/05/16 xcolor patch
Package: atveryend 2016/05/16 v1.9 Hooks at the very end of document (HO)
Package atveryend Info: \AP@enddocument detected (standard20110627).
Package: atbegshi 2016/05/16 v1.17 At begin shipout hook (HO)
Package: refcount 2016/05/16 v3.5 Data extraction from label references (HO)
Package: hycolor 2016/05/16 v1.8 Color options for hyperref/bookmark (HO)
)
(/usr/local/texlive/2016/texmf-dist/tex/generic/ifxetex/ifxetex.sty
Package: ifxetex 2010/09/12 v0.6 Provides ifxetex conditional
)
(/usr/local/texlive/2016/texmf-dist/tex/latex/oberdiek/auxhook.sty
Package: auxhook 2016/05/16 v1.4 Hooks for auxiliary files (HO)
)
(/usr/local/texlive/2016/texmf-dist/tex/latex/oberdiek/kvoptions.sty
Package: kvoptions 2016/05/16 v3.12 Key value format for package options (HO)
)
\@linkdim=\dimen160
\Hy@linkcounter=\count119
\Hy@pagecounter=\count120

(/usr/local/texlive/2016/texmf-dist/tex/latex/hyperref/pd1enc.def
File: pd1enc.def 2016/05/05 v6.83n Hyperref: PDFDocEncoding definition (HO)
Now handling font encoding PD1 ...
... no UTF-8 mapping file for font encoding PD1
)
\Hy@SavedSpaceFactor=\count121

(/usr/local/texlive/2016/texmf-dist/tex/latex/latexconfig/hyperref.cfg
File: hyperref.cfg 2002/06/06 v1.2 hyperref configuration of TeXLive
)
Package hyperref Info: Option `colorlinks' set `true' on input line 4322.
Package hyperref Info: Hyper figures OFF on input line 4446.
Package hyperref Info: Link nesting OFF on input line 4451.
Package hyperref Info: Hyper index ON on input line 4454.
Package hyperref Info: Plain pages OFF on input line 4461.
Package hyperref Info: Backreferencing OFF on input line 4466.
Package hyperref Info: Implicit mode ON; LaTeX internals redefined.
Package hyperref Info: Bookmarks ON on input line 4691.
\c@Hy@tempcnt=\count122
LaTeX Info: Redefining \url on input line 5044.
\XeTeXLinkMargin=\dimen161
\Fld@menulength=\count123
\Field@Width=\dimen162
\Fld@charsize=\dimen163
Package hyperref Info: Hyper figures OFF on input line 6298.
Package hyperref Info: Link nesting OFF on input line 6303.
Package hyperref Info: Hyper index ON on input line 6306.
Package hyperref Info: backreferencing OFF on input line 6313.
Package hyperref Info: Link coloring ON on input line 6316.
Package hyperref Info: Link coloring with OCG OFF on input line 6323.
Package hyperref Info: PDF/A mode OFF on input line 6328.
LaTeX Info: Redefining \ref on input line 6368.
LaTeX Info: Redefining \pageref on input line 6372.
\Hy@abspage=\count124
\c@Item=\count125
\c@Hfootnote=\count126
)

Package hyperref Message: Driver (autodetected): hpdftex.

(/usr/local/texlive/2016/texmf-dist/tex/latex/hyperref/hpdftex.def
File: hpdftex.def 2016/05/05 v6.83n Hyperref driver for pdfTeX
\Fld@listcount=\count127
\c@bookmark@seq@number=\count128

(/usr/local/texlive/2016/texmf-dist/tex/latex/oberdiek/rerunfilecheck.sty
Package: rerunfilecheck 2016/05/16 v1.8 Rerun checks for auxiliary files (HO)
Package uniquecounter Info: New unique counter `rerunfilecheck' on input line 2
82.
)
\Hy@SectionHShift=\skip64
)
(/usr/local/texlive/2016/texmf-dist/tex/latex/natbib/natbib.sty
Package: natbib 2010/09/13 8.31b (PWD, AO)
\bibhang=\skip65
\bibsep=\skip66
LaTeX Info: Redefining \cite on input line 694.
\c@NAT@ctr=\count129
)
(/usr/local/texlive/2016/texmf-dist/tex/latex/listings/listings.sty
\lst@mode=\count130
\lst@gtempboxa=\box36
\lst@token=\toks39
\lst@length=\count131
\lst@currlwidth=\dimen164
\lst@column=\count132
\lst@pos=\count133
\lst@lostspace=\dimen165
\lst@width=\dimen166
\lst@newlines=\count134
\lst@lineno=\count135
\lst@maxwidth=\dimen167

(/usr/local/texlive/2016/texmf-dist/tex/latex/listings/lstmisc.sty
File: lstmisc.sty 2015/06/04 1.6 (Carsten Heinz)
\c@lstnumber=\count136
\lst@skipnumbers=\count137
\lst@framebox=\box37
)
(/usr/local/texlive/2016/texmf-dist/tex/latex/listings/listings.cfg
File: listings.cfg 2015/06/04 1.6 listings configuration
))
Package: listings 2015/06/04 1.6 (Carsten Heinz)

(/usr/local/texlive/2016/texmf-dist/tex/latex/listings/lstlang1.sty
File: lstlang1.sty 2015/06/04 1.6 listings language file
)
(/usr/local/texlive/2016/texmf-dist/tex/latex/listings/lstlang2.sty
File: lstlang2.sty 2015/06/04 1.6 listings language file
)
(/usr/local/texlive/2016/texmf-dist/tex/latex/listings/lstlang3.sty
File: lstlang3.sty 2015/06/04 1.6 listings language file
))
(./main.aux (./chapter_pre/ack.aux)

LaTeX Warning: Label `sec:appendix_stan_ode' multiply defined.

)
\openout1 = `main.aux'.

LaTeX Font Info:    Checking defaults for OML/cmm/m/it on input line 6.
LaTeX Font Info:    ... okay on input line 6.
LaTeX Font Info:    Checking defaults for T1/cmr/m/n on input line 6.
LaTeX Font Info:    ... okay on input line 6.
LaTeX Font Info:    Checking defaults for OT1/cmr/m/n on input line 6.
LaTeX Font Info:    ... okay on input line 6.
LaTeX Font Info:    Checking defaults for OMS/cmsy/m/n on input line 6.
LaTeX Font Info:    ... okay on input line 6.
LaTeX Font Info:    Checking defaults for OMX/cmex/m/n on input line 6.
LaTeX Font Info:    ... okay on input line 6.
LaTeX Font Info:    Checking defaults for U/cmr/m/n on input line 6.
LaTeX Font Info:    ... okay on input line 6.
LaTeX Font Info:    Checking defaults for PD1/pdf/m/n on input line 6.
LaTeX Font Info:    ... okay on input line 6.
LaTeX Font Info:    Try loading font information for T1+lmr on input line 6.
 (/usr/local/texlive/2016/texmf-dist/tex/latex/lm/t1lmr.fd
File: t1lmr.fd 2009/10/30 v1.6 Font defs for Latin Modern
)
(/usr/local/texlive/2016/texmf-dist/tex/context/base/mkii/supp-pdf.mkii
[Loading MPS to PDF converter (version 2006.09.02).]
\scratchcounter=\count138
\scratchdimen=\dimen168
\scratchbox=\box38
\nofMPsegments=\count139
\nofMParguments=\count140
\everyMPshowfont=\toks40
\MPscratchCnt=\count141
\MPscratchDim=\dimen169
\MPnumerator=\count142
\makeMPintoPDFobject=\count143
\everyMPtoPDFconversion=\toks41
) (/usr/local/texlive/2016/texmf-dist/tex/latex/oberdiek/epstopdf-base.sty
Package: epstopdf-base 2016/05/15 v2.6 Base part for package epstopdf

(/usr/local/texlive/2016/texmf-dist/tex/latex/oberdiek/grfext.sty
Package: grfext 2016/05/16 v1.2 Manage graphics extensions (HO)
)
Package grfext Info: Graphics extension search list:
(grfext)             [.png,.pdf,.jpg,.mps,.jpeg,.jbig2,.jb2,.PNG,.PDF,.JPG,.JPE
G,.JBIG2,.JB2,.eps]
(grfext)             \AppendGraphicsExtensions on input line 456.

(/usr/local/texlive/2016/texmf-dist/tex/latex/latexconfig/epstopdf-sys.cfg
File: epstopdf-sys.cfg 2010/07/13 v1.3 Configuration of (r)epstopdf for TeX Liv
e
))
LaTeX Info: Redefining \celsius on input line 6.
Package gensymb Info: Faking symbols for \degree and \celsius on input line 6.


Package gensymb Warning: Not defining \perthousand.

LaTeX Info: Redefining \ohm on input line 6.
Package gensymb Info: Using \Omega for \ohm on input line 6.

Package gensymb Warning: Not defining \micro.

LaTeX Font Info:    Try loading font information for OT1+lmr on input line 6.
(/usr/local/texlive/2016/texmf-dist/tex/latex/lm/ot1lmr.fd
File: ot1lmr.fd 2009/10/30 v1.6 Font defs for Latin Modern
)
LaTeX Font Info:    Try loading font information for OML+lmm on input line 6.

(/usr/local/texlive/2016/texmf-dist/tex/latex/lm/omllmm.fd
File: omllmm.fd 2009/10/30 v1.6 Font defs for Latin Modern
)
LaTeX Font Info:    Try loading font information for OMS+lmsy on input line 6.

(/usr/local/texlive/2016/texmf-dist/tex/latex/lm/omslmsy.fd
File: omslmsy.fd 2009/10/30 v1.6 Font defs for Latin Modern
)
LaTeX Font Info:    Try loading font information for OMX+lmex on input line 6.

(/usr/local/texlive/2016/texmf-dist/tex/latex/lm/omxlmex.fd
File: omxlmex.fd 2009/10/30 v1.6 Font defs for Latin Modern
)
LaTeX Font Info:    External font `lmex10' loaded for size
(Font)              <12> on input line 6.
LaTeX Font Info:    External font `lmex10' loaded for size
(Font)              <8> on input line 6.
LaTeX Font Info:    External font `lmex10' loaded for size
(Font)              <6> on input line 6.
LaTeX Font Info:    Try loading font information for U+msa on input line 6.

(/usr/local/texlive/2016/texmf-dist/tex/latex/amsfonts/umsa.fd
File: umsa.fd 2013/01/14 v3.01 AMS symbols A
)
LaTeX Font Info:    Try loading font information for U+msb on input line 6.

(/usr/local/texlive/2016/texmf-dist/tex/latex/amsfonts/umsb.fd
File: umsb.fd 2013/01/14 v3.01 AMS symbols B
)
LaTeX Font Info:    Try loading font information for OMS+rsfs on input line 6.

(/usr/local/texlive/2016/texmf-dist/tex/latex/calrsfs/OMSrsfs.fd)
Package xypdf Info: Line width: 0.39998pt on input line 6.
LaTeX Info: Redefining \microtypecontext on input line 6.
Package microtype Info: Generating PDF output.
Package microtype Info: Character protrusion enabled (level 2).
Package microtype Info: Using default protrusion set `alltext'.
Package microtype Info: Automatic font expansion enabled (level 2),
(microtype)             stretch: 20, shrink: 20, step: 1, non-selected.
Package microtype Info: Using default expansion set `basictext'.
Package microtype Info: No adjustment of tracking.
Package microtype Info: No adjustment of interword spacing.
Package microtype Info: No adjustment of character kerning.

(/usr/local/texlive/2016/texmf-dist/tex/latex/microtype/mt-cmr.cfg
File: mt-cmr.cfg 2013/05/19 v2.2 microtype config. file: Computer Modern Roman 
(RS)
)
\AtBeginShipoutBox=\box39
Package hyperref Info: Link coloring ON on input line 6.

(/usr/local/texlive/2016/texmf-dist/tex/latex/hyperref/nameref.sty
Package: nameref 2012/10/27 v2.43 Cross-referencing by name of section

(/usr/local/texlive/2016/texmf-dist/tex/generic/oberdiek/gettitlestring.sty
Package: gettitlestring 2016/05/16 v1.5 Cleanup title references (HO)
)
\c@section@level=\count144
)
LaTeX Info: Redefining \ref on input line 6.
LaTeX Info: Redefining \pageref on input line 6.
LaTeX Info: Redefining \nameref on input line 6.

(./main.out) (./main.out)
\@outlinefile=\write4
\openout4 = `main.out'.

\c@lstlisting=\count145
 [1



{/usr/local/texlive/2016/texmf-var/fonts/map/pdftex/updmap/pdftex.map}]
LaTeX Font Info:    Try loading font information for OMS+lmr on input line 12.
 (/usr/local/texlive/2016/texmf-dist/tex/latex/lm/omslmr.fd
File: omslmr.fd 2009/10/30 v1.6 Font defs for Latin Modern
)
LaTeX Font Info:    Font shape `OMS/lmr/m/n' in size <12> not available
(Font)              Font shape `OMS/lmsy/m/n' tried instead on input line 12.
 [2

] (./chapter_pre/abstract.tex) [3

] (./main.toc [1


] [2])
\tf@toc=\write5
\openout5 = `main.toc'.

 [3] (./main.lof
[4


] [5] [6] [7])
\tf@lof=\write6
\openout6 = `main.lof'.

 [8]
\openout2 = `chapter_pre/ack.aux'.

 (./chapter_pre/ack.tex
Underfull \hbox (badness 10000) in paragraph at lines 1--3

 []

) [9



] [10


]

Package Fancyhdr Warning: \fancyhead's `E' option without twoside option is use
less on input line 60.


Package Fancyhdr Warning: \fancyhead's `E' option without twoside option is use
less on input line 60.

Chapter 1.
(./chapter_intro/sec_intro.tex

Package Fancyhdr Warning: \fancyhead's `E' option without twoside option is use
less on input line 4.


Package Fancyhdr Warning: \fancyhead's `E' option without twoside option is use
less on input line 4.


Package Fancyhdr Warning: \headheight is too small (14.0pt): 
 Make it at least 14.49998pt.
 We now make it that large for the rest of the document.
 This may cause the page layout to be inconsistent, however.

pdfTeX warning (ext4): destination with the same identifier (name{page.1}) has 
been already used, duplicate ignored
<to be read again> 
                   \relax 
l.4 
     [1


])pdfTeX warning (ext4): destination with the same identifier (name{page.2}) ha
s been already used, duplicate ignored
<to be read again> 
                   \relax 
l.68 \chapter
             {Distributed expectation propagation for partitioned data}
[2]
Chapter 2.
(./chapter_ep/sec_intro.tex

Package Fancyhdr Warning: \fancyhead's `E' option without twoside option is use
less on input line 7.


Package Fancyhdr Warning: \fancyhead's `E' option without twoside option is use
less on input line 7.


Package Fancyhdr Warning: \headheight is too small (14.49998pt): 
 Make it at least 27.11652pt.
 We now make it that large for the rest of the document.
 This may cause the page layout to be inconsistent, however.

pdfTeX warning (ext4): destination with the same identifier (name{page.3}) has 
been already used, duplicate ignored
<to be read again> 
                   \relax 
l.7 
     [3

]) (./chapter_ep/sec_ep.tex [4] [5] <xymatrix
LaTeX Font Info:    External font `lmex10' loaded for size
(Font)              <14.4> on input line 46.
LaTeX Font Info:    External font `lmex10' loaded for size
(Font)              <10> on input line 46.
LaTeX Font Info:    External font `lmex10' loaded for size
(Font)              <7> on input line 46.

(/usr/local/texlive/2016/texmf-dist/tex/latex/microtype/mt-msa.cfg
File: mt-msa.cfg 2006/02/04 v1.1 microtype config. file: AMS symbols (a) (RS)
)
(/usr/local/texlive/2016/texmf-dist/tex/latex/microtype/mt-msb.cfg
File: mt-msb.cfg 2005/06/01 v1.0 microtype config. file: AMS symbols (b) (RS)
) 5x3 367>
pdfTeX warning (font expansion): font should be expanded before its first use
[6] [7] <figures/separation.pdf, id=583, 361.35pt x 172.645pt>
File: figures/separation.pdf Graphic file (type pdf)

<use figures/separation.pdf>
Package pdftex.def Info: figures/separation.pdf used on input line 95.
(pdftex.def)             Requested size: 260.17464pt x 124.30692pt.
 [8] [9 <./figures/separation.pdf>]
Underfull \hbox (badness 10000) in paragraph at lines 148--164

 []

[10] [11]) (./chapter_ep/sec_application.tex [12] [13] [14]
<figures/astro_data/1.png, id=667, 451.6875pt x 401.5pt>
File: figures/astro_data/1.png Graphic file (type png)

<use figures/astro_data/1.png>
Package pdftex.def Info: figures/astro_data/1.png used on input line 62.
(pdftex.def)             Requested size: 143.09538pt x 127.19608pt.

<figures/astro_data/1_log.png, id=669, 451.6875pt x 401.5pt>
File: figures/astro_data/1_log.png Graphic file (type png)

<use figures/astro_data/1_log.png>
Package pdftex.def Info: figures/astro_data/1_log.png used on input line 63.
(pdftex.def)             Requested size: 143.09538pt x 127.19608pt.

<figures/astro_data/2.png, id=670, 451.6875pt x 401.5pt>
File: figures/astro_data/2.png Graphic file (type png)

<use figures/astro_data/2.png>
Package pdftex.def Info: figures/astro_data/2.png used on input line 64.
(pdftex.def)             Requested size: 143.09538pt x 127.19608pt.

<figures/astro_data/2_log.png, id=671, 451.6875pt x 401.5pt>
File: figures/astro_data/2_log.png Graphic file (type png)

<use figures/astro_data/2_log.png>
Package pdftex.def Info: figures/astro_data/2_log.png used on input line 65.
(pdftex.def)             Requested size: 143.09538pt x 127.19608pt.

<figures/astro_data/3.png, id=672, 451.6875pt x 401.5pt>
File: figures/astro_data/3.png Graphic file (type png)

<use figures/astro_data/3.png>
Package pdftex.def Info: figures/astro_data/3.png used on input line 66.
(pdftex.def)             Requested size: 143.09538pt x 127.19608pt.

<figures/astro_data/3_log.png, id=673, 451.6875pt x 401.5pt>
File: figures/astro_data/3_log.png Graphic file (type png)

<use figures/astro_data/3_log.png>
Package pdftex.def Info: figures/astro_data/3_log.png used on input line 67.
(pdftex.def)             Requested size: 143.09538pt x 127.19608pt.

<figures/astro_data/4.png, id=674, 451.6875pt x 401.5pt>
File: figures/astro_data/4.png Graphic file (type png)

<use figures/astro_data/4.png>
Package pdftex.def Info: figures/astro_data/4.png used on input line 68.
(pdftex.def)             Requested size: 143.09538pt x 127.19608pt.

<figures/astro_data/4_log.png, id=675, 451.6875pt x 401.5pt>
File: figures/astro_data/4_log.png Graphic file (type png)

<use figures/astro_data/4_log.png>
Package pdftex.def Info: figures/astro_data/4_log.png used on input line 69.
(pdftex.def)             Requested size: 143.09538pt x 127.19608pt.
 [15] [16 <./figures/astro_data/1.png> <./figures/astro_data/1_log.png> <./figu
res/astro_data/2.png> <./figures/astro_data/2_log.png> <./figures/astro_data/3.
png> <./figures/astro_data/3_log.png> <./figures/astro_data/4.png> <./figures/a
stro_data/4_log.png>])
(./chapter_ep/sec_results.tex [17]
<figures/ep_sim/linear_times.png, id=703, 752.8125pt x 552.0625pt>
File: figures/ep_sim/linear_times.png Graphic file (type png)

<use figures/ep_sim/linear_times.png>
Package pdftex.def Info: figures/ep_sim/linear_times.png used on input line 12.

(pdftex.def)             Requested size: 281.85034pt x 206.6944pt.

<figures/ep_sim/linear_fit_1.png, id=705, 1505.625pt x 376.40625pt>
File: figures/ep_sim/linear_fit_1.png Graphic file (type png)

<use figures/ep_sim/linear_fit_1.png>
Package pdftex.def Info: figures/ep_sim/linear_fit_1.png used on input line 20.

(pdftex.def)             Requested size: 346.89731pt x 86.72093pt.

<figures/ep_sim/linear_fit_2.png, id=706, 1505.625pt x 376.40625pt>
File: figures/ep_sim/linear_fit_2.png Graphic file (type png)

<use figures/ep_sim/linear_fit_2.png>
Package pdftex.def Info: figures/ep_sim/linear_fit_2.png used on input line 21.

(pdftex.def)             Requested size: 346.89731pt x 86.72093pt.

<figures/ep_sim/linear_fit_3.png, id=707, 1505.625pt x 376.40625pt>
File: figures/ep_sim/linear_fit_3.png Graphic file (type png)

<use figures/ep_sim/linear_fit_3.png>
Package pdftex.def Info: figures/ep_sim/linear_fit_3.png used on input line 22.

(pdftex.def)             Requested size: 346.89731pt x 86.72093pt.

<figures/ep_sim/linear_fit_4.png, id=708, 1505.625pt x 376.40625pt>
File: figures/ep_sim/linear_fit_4.png Graphic file (type png)

<use figures/ep_sim/linear_fit_4.png>
Package pdftex.def Info: figures/ep_sim/linear_fit_4.png used on input line 23.

(pdftex.def)             Requested size: 346.89731pt x 86.72093pt.

<figures/ep_sim/linear_fit_5.png, id=709, 1505.625pt x 376.40625pt>
File: figures/ep_sim/linear_fit_5.png Graphic file (type png)

<use figures/ep_sim/linear_fit_5.png>
Package pdftex.def Info: figures/ep_sim/linear_fit_5.png used on input line 24.

(pdftex.def)             Requested size: 346.89731pt x 86.72093pt.
 [18 <./figures/ep_sim/linear_times.png>]
[19 <./figures/ep_sim/linear_fit_1.png> <./figures/ep_sim/linear_fit_2.png> <./
figures/ep_sim/linear_fit_3.png> <./figures/ep_sim/linear_fit_4.png> <./figures
/ep_sim/linear_fit_5.png>]
<figures/ep_sim/sigmoid_times.png, id=726, 752.8125pt x 552.0625pt>
File: figures/ep_sim/sigmoid_times.png Graphic file (type png)

<use figures/ep_sim/sigmoid_times.png>
Package pdftex.def Info: figures/ep_sim/sigmoid_times.png used on input line 37
.
(pdftex.def)             Requested size: 281.85034pt x 206.6944pt.

<figures/ep_sim/sigmoid_fit_1.png, id=729, 1505.625pt x 376.40625pt>
File: figures/ep_sim/sigmoid_fit_1.png Graphic file (type png)

<use figures/ep_sim/sigmoid_fit_1.png>
Package pdftex.def Info: figures/ep_sim/sigmoid_fit_1.png used on input line 45
.
(pdftex.def)             Requested size: 346.89731pt x 86.72093pt.

<figures/ep_sim/sigmoid_fit_2.png, id=730, 1505.625pt x 376.40625pt>
File: figures/ep_sim/sigmoid_fit_2.png Graphic file (type png)

<use figures/ep_sim/sigmoid_fit_2.png>
Package pdftex.def Info: figures/ep_sim/sigmoid_fit_2.png used on input line 46
.
(pdftex.def)             Requested size: 346.89731pt x 86.72093pt.

<figures/ep_sim/sigmoid_fit_3.png, id=731, 1505.625pt x 376.40625pt>
File: figures/ep_sim/sigmoid_fit_3.png Graphic file (type png)

<use figures/ep_sim/sigmoid_fit_3.png>
Package pdftex.def Info: figures/ep_sim/sigmoid_fit_3.png used on input line 47
.
(pdftex.def)             Requested size: 346.89731pt x 86.72093pt.

<figures/ep_sim/sigmoid_fit_4.png, id=732, 1505.625pt x 376.40625pt>
File: figures/ep_sim/sigmoid_fit_4.png Graphic file (type png)

<use figures/ep_sim/sigmoid_fit_4.png>
Package pdftex.def Info: figures/ep_sim/sigmoid_fit_4.png used on input line 48
.
(pdftex.def)             Requested size: 346.89731pt x 86.72093pt.

<figures/ep_sim/sigmoid_fit_5.png, id=733, 1505.625pt x 376.40625pt>
File: figures/ep_sim/sigmoid_fit_5.png Graphic file (type png)

<use figures/ep_sim/sigmoid_fit_5.png>
Package pdftex.def Info: figures/ep_sim/sigmoid_fit_5.png used on input line 49
.
(pdftex.def)             Requested size: 346.89731pt x 86.72093pt.
 [20 <./figures/ep_sim/sigmoid_times.png>] [21 <./figures/ep_sim/sigmoid_fit_1.
png> <./figures/ep_sim/sigmoid_fit_2.png> <./figures/ep_sim/sigmoid_fit_3.png> 
<./figures/ep_sim/sigmoid_fit_4.png> <./figures/ep_sim/sigmoid_fit_5.png>]
<figures/ep_sim/sigmoid_dip_times.png, id=751, 752.8125pt x 552.0625pt>
File: figures/ep_sim/sigmoid_dip_times.png Graphic file (type png)

<use figures/ep_sim/sigmoid_dip_times.png>
Package pdftex.def Info: figures/ep_sim/sigmoid_dip_times.png used on input lin
e 62.
(pdftex.def)             Requested size: 281.85034pt x 206.6944pt.

<figures/ep_sim/sigmoid_dip_fit_1.png, id=755, 1505.625pt x 376.40625pt>
File: figures/ep_sim/sigmoid_dip_fit_1.png Graphic file (type png)

<use figures/ep_sim/sigmoid_dip_fit_1.png>
Package pdftex.def Info: figures/ep_sim/sigmoid_dip_fit_1.png used on input lin
e 70.
(pdftex.def)             Requested size: 346.89731pt x 86.72093pt.

<figures/ep_sim/sigmoid_dip_fit_2.png, id=756, 1505.625pt x 376.40625pt>
File: figures/ep_sim/sigmoid_dip_fit_2.png Graphic file (type png)

<use figures/ep_sim/sigmoid_dip_fit_2.png>
Package pdftex.def Info: figures/ep_sim/sigmoid_dip_fit_2.png used on input lin
e 71.
(pdftex.def)             Requested size: 346.89731pt x 86.72093pt.

<figures/ep_sim/sigmoid_dip_fit_3.png, id=757, 1505.625pt x 376.40625pt>
File: figures/ep_sim/sigmoid_dip_fit_3.png Graphic file (type png)

<use figures/ep_sim/sigmoid_dip_fit_3.png>
Package pdftex.def Info: figures/ep_sim/sigmoid_dip_fit_3.png used on input lin
e 72.
(pdftex.def)             Requested size: 346.89731pt x 86.72093pt.

<figures/ep_sim/sigmoid_dip_fit_4.png, id=758, 1505.625pt x 376.40625pt>
File: figures/ep_sim/sigmoid_dip_fit_4.png Graphic file (type png)

<use figures/ep_sim/sigmoid_dip_fit_4.png>
Package pdftex.def Info: figures/ep_sim/sigmoid_dip_fit_4.png used on input lin
e 73.
(pdftex.def)             Requested size: 346.89731pt x 86.72093pt.

<figures/ep_sim/sigmoid_dip_fit_5.png, id=759, 1505.625pt x 376.40625pt>
File: figures/ep_sim/sigmoid_dip_fit_5.png Graphic file (type png)

<use figures/ep_sim/sigmoid_dip_fit_5.png>
Package pdftex.def Info: figures/ep_sim/sigmoid_dip_fit_5.png used on input lin
e 74.
(pdftex.def)             Requested size: 346.89731pt x 86.72093pt.
 [22 <./figures/ep_sim/sigmoid_dip_times.png>] [23 <./figures/ep_sim/sigmoid_di
p_fit_1.png> <./figures/ep_sim/sigmoid_dip_fit_2.png> <./figures/ep_sim/sigmoid
_dip_fit_3.png> <./figures/ep_sim/sigmoid_dip_fit_4.png> <./figures/ep_sim/sigm
oid_dip_fit_5.png>]
<figures/astro_times.png, id=775, 752.8125pt x 552.0625pt>
File: figures/astro_times.png Graphic file (type png)

<use figures/astro_times.png>
Package pdftex.def Info: figures/astro_times.png used on input line 87.
(pdftex.def)             Requested size: 281.85034pt x 206.6944pt.
 [24 <./figures/astro_times.png>]
<figures/astro_fit/1.png, id=786, 1505.625pt x 376.40625pt>
File: figures/astro_fit/1.png Graphic file (type png)

<use figures/astro_fit/1.png>
Package pdftex.def Info: figures/astro_fit/1.png used on input line 95.
(pdftex.def)             Requested size: 346.89731pt x 86.72093pt.

<figures/astro_fit/2.png, id=787, 1505.625pt x 376.40625pt>
File: figures/astro_fit/2.png Graphic file (type png)

<use figures/astro_fit/2.png>
Package pdftex.def Info: figures/astro_fit/2.png used on input line 96.
(pdftex.def)             Requested size: 346.89731pt x 86.72093pt.

<figures/astro_fit/3.png, id=788, 1505.625pt x 376.40625pt>
File: figures/astro_fit/3.png Graphic file (type png)

<use figures/astro_fit/3.png>
Package pdftex.def Info: figures/astro_fit/3.png used on input line 97.
(pdftex.def)             Requested size: 346.89731pt x 86.72093pt.

<figures/astro_fit/5.png, id=789, 1505.625pt x 376.40625pt>
File: figures/astro_fit/5.png Graphic file (type png)

<use figures/astro_fit/5.png>
Package pdftex.def Info: figures/astro_fit/5.png used on input line 98.
(pdftex.def)             Requested size: 346.89731pt x 86.72093pt.

<figures/astro_fit/6.png, id=790, 1505.625pt x 376.40625pt>
File: figures/astro_fit/6.png Graphic file (type png)

<use figures/astro_fit/6.png>
Package pdftex.def Info: figures/astro_fit/6.png used on input line 99.
(pdftex.def)             Requested size: 346.89731pt x 86.72093pt.
) (./chapter_ep/sec_discussion.tex [25] [26 <./figures/astro_fit/1.png> <./figu
res/astro_fit/2.png> <./figures/astro_fit/3.png> <./figures/astro_fit/5.png> <.
/figures/astro_fit/6.png>]) [27]
Chapter 3.
(./chapter_ode/sec_intro.tex

Package Fancyhdr Warning: \fancyhead's `E' option without twoside option is use
less on input line 6.


Package Fancyhdr Warning: \fancyhead's `E' option without twoside option is use
less on input line 6.

[28

] [29]) (./chapter_ode/sec_background.tex [30] [31]

Package hyperref Warning: Token not allowed in a PDF string (PDFDocEncoding):
(hyperref)                removing `\begingroup' on input line 53.


Package hyperref Warning: Token not allowed in a PDF string (PDFDocEncoding):
(hyperref)                removing `\let' on input line 53.


Package hyperref Warning: Token not allowed in a PDF string (PDFDocEncoding):
(hyperref)                removing `\<let>-command' on input line 53.


Package hyperref Warning: Token not allowed in a PDF string (PDFDocEncoding):
(hyperref)                removing `\NAT@ctype' on input line 53.


Package hyperref Warning: Token not allowed in a PDF string (PDFDocEncoding):
(hyperref)                removing `\z@' on input line 53.


Package hyperref Warning: Token not allowed in a PDF string (PDFDocEncoding):
(hyperref)                removing `\let' on input line 53.


Package hyperref Warning: Token not allowed in a PDF string (PDFDocEncoding):
(hyperref)                removing `\new@ifnextchar' on input line 53.

[32]) (./chapter_ode/sec_model.tex [33] [34] [35] [36] [37])
(./chapter_ode/sec_results.tex
<figures/ode/base_flat_BAH_all.png, id=997, 1204.5pt x 1606.0pt>
File: figures/ode/base_flat_BAH_all.png Graphic file (type png)

<use figures/ode/base_flat_BAH_all.png>
Package pdftex.def Info: figures/ode/base_flat_BAH_all.png used on input line 1
4.
(pdftex.def)             Requested size: 390.25534pt x 520.35097pt.
 [38] [39 <./figures/ode/base_flat_BAH_all.png>] <figures/ode/base_curv_BAH_all
.png, id=1013, 1204.5pt x 1606.0pt>
File: figures/ode/base_curv_BAH_all.png Graphic file (type png)

<use figures/ode/base_curv_BAH_all.png>
Package pdftex.def Info: figures/ode/base_curv_BAH_all.png used on input line 2
3.
(pdftex.def)             Requested size: 390.25534pt x 520.35097pt.

<figures/ode/base_flat_all.png, id=1020, 1204.5pt x 1606.0pt>
File: figures/ode/base_flat_all.png Graphic file (type png)

<use figures/ode/base_flat_all.png>
Package pdftex.def Info: figures/ode/base_flat_all.png used on input line 40.
(pdftex.def)             Requested size: 390.25534pt x 520.35097pt.
 [40] [41 <./figures/ode/base_curv_BAH_all.png>] [42 <./figures/ode/base_flat_a
ll.png>]
<figures/ode/base_curv_all.png, id=1039, 1204.5pt x 1606.0pt>
File: figures/ode/base_curv_all.png Graphic file (type png)

<use figures/ode/base_curv_all.png>
Package pdftex.def Info: figures/ode/base_curv_all.png used on input line 49.
(pdftex.def)             Requested size: 390.25534pt x 520.35097pt.

<figures/ode/split_meth_flat_camp.png, id=1046, 1204.5pt x 1204.5pt>
File: figures/ode/split_meth_flat_camp.png Graphic file (type png)

<use figures/ode/split_meth_flat_camp.png>
Package pdftex.def Info: figures/ode/split_meth_flat_camp.png used on input lin
e 66.
(pdftex.def)             Requested size: 390.25534pt x 390.26321pt.
 [43] [44 <./figures/ode/base_curv_all.png>] [45 <./figures/ode/split_meth_flat
_camp.png>]
<figures/ode/split_meth_curv_camp.png, id=1064, 1204.5pt x 1204.5pt>
File: figures/ode/split_meth_curv_camp.png Graphic file (type png)

<use figures/ode/split_meth_curv_camp.png>
Package pdftex.def Info: figures/ode/split_meth_curv_camp.png used on input lin
e 75.
(pdftex.def)             Requested size: 433.62pt x 433.61967pt.

<figures/ode/split_rate_flat_camp.png, id=1069, 1204.5pt x 1204.5pt>
File: figures/ode/split_rate_flat_camp.png Graphic file (type png)

<use figures/ode/split_rate_flat_camp.png>
Package pdftex.def Info: figures/ode/split_rate_flat_camp.png used on input lin
e 90.
(pdftex.def)             Requested size: 433.62pt x 433.61967pt.

<figures/ode/split_rate_curv_camp.png, id=1071, 1204.5pt x 1204.5pt>
File: figures/ode/split_rate_curv_camp.png Graphic file (type png)

<use figures/ode/split_rate_curv_camp.png>
Package pdftex.def Info: figures/ode/split_rate_curv_camp.png used on input lin
e 99.
(pdftex.def)             Requested size: 433.62pt x 433.61967pt.
 [46] [47 <./figures/ode/split_meth_curv_camp.png>] [48 <./figures/ode/split_ra
te_flat_camp.png>] [49 <./figures/ode/split_rate_curv_camp.png>]
<figures/ode/split_age_flat_camp.png, id=1096, 1204.5pt x 1204.5pt>
File: figures/ode/split_age_flat_camp.png Graphic file (type png)

<use figures/ode/split_age_flat_camp.png>
Package pdftex.def Info: figures/ode/split_age_flat_camp.png used on input line
 114.
(pdftex.def)             Requested size: 433.62pt x 433.61967pt.

<figures/ode/split_age_curv_camp.png, id=1098, 1204.5pt x 1204.5pt>
File: figures/ode/split_age_curv_camp.png Graphic file (type png)

<use figures/ode/split_age_curv_camp.png>
Package pdftex.def Info: figures/ode/split_age_curv_camp.png used on input line
 123.
(pdftex.def)             Requested size: 433.62pt x 433.61967pt.
) (./chapter_ode/sec_discussion.tex
[50] [51 <./figures/ode/split_age_flat_camp.png>] [52 <./figures/ode/split_age_
curv_camp.png>]) [53]
Chapter 4.
(./chapter_kernel/sec_intro.tex

Package Fancyhdr Warning: \fancyhead's `E' option without twoside option is use
less on input line 7.


Package Fancyhdr Warning: \fancyhead's `E' option without twoside option is use
less on input line 7.

[54

]) (./chapter_kernel/sec_background.tex [55] [56]

Package hyperref Warning: Token not allowed in a PDF string (PDFDocEncoding):
(hyperref)                removing `\begingroup' on input line 16.


Package hyperref Warning: Token not allowed in a PDF string (PDFDocEncoding):
(hyperref)                removing `\let' on input line 16.


Package hyperref Warning: Token not allowed in a PDF string (PDFDocEncoding):
(hyperref)                removing `\<let>-command' on input line 16.


Package hyperref Warning: Token not allowed in a PDF string (PDFDocEncoding):
(hyperref)                removing `\NAT@ctype' on input line 16.


Package hyperref Warning: Token not allowed in a PDF string (PDFDocEncoding):
(hyperref)                removing `\z@' on input line 16.


Package hyperref Warning: Token not allowed in a PDF string (PDFDocEncoding):
(hyperref)                removing `\let' on input line 16.


Package hyperref Warning: Token not allowed in a PDF string (PDFDocEncoding):
(hyperref)                removing `\new@ifnextchar' on input line 16.

[57] [58]

Package hyperref Warning: Token not allowed in a PDF string (PDFDocEncoding):
(hyperref)                removing `\begingroup' on input line 50.


Package hyperref Warning: Token not allowed in a PDF string (PDFDocEncoding):
(hyperref)                removing `\let' on input line 50.


Package hyperref Warning: Token not allowed in a PDF string (PDFDocEncoding):
(hyperref)                removing `\<let>-command' on input line 50.


Package hyperref Warning: Token not allowed in a PDF string (PDFDocEncoding):
(hyperref)                removing `\NAT@ctype' on input line 50.


Package hyperref Warning: Token not allowed in a PDF string (PDFDocEncoding):
(hyperref)                removing `\z@' on input line 50.


Package hyperref Warning: Token not allowed in a PDF string (PDFDocEncoding):
(hyperref)                removing `\let' on input line 50.


Package hyperref Warning: Token not allowed in a PDF string (PDFDocEncoding):
(hyperref)                removing `\new@ifnextchar' on input line 50.

[59] [60] [61] <figures/mccr_latent_mix.jpg, id=1244, 505.89pt x 315.0972pt>
File: figures/mccr_latent_mix.jpg Graphic file (type jpg)

<use figures/mccr_latent_mix.jpg>
Package pdftex.def Info: figures/mccr_latent_mix.jpg used on input line 101.
(pdftex.def)             Requested size: 433.62pt x 270.08882pt.
 [62 <./figures/mccr_latent_mix.jpg>]
<figures/kernel/matrix/bias_var_1.png, id=1250, 1204.5pt x 803.0pt>
File: figures/kernel/matrix/bias_var_1.png Graphic file (type png)

<use figures/kernel/matrix/bias_var_1.png>
Package pdftex.def Info: figures/kernel/matrix/bias_var_1.png used on input lin
e 110.
(pdftex.def)             Requested size: 433.62pt x 289.07977pt.

<figures/kernel/matrix/bias_var_3.png, id=1251, 1204.5pt x 803.0pt>
File: figures/kernel/matrix/bias_var_3.png Graphic file (type png)

<use figures/kernel/matrix/bias_var_3.png>
Package pdftex.def Info: figures/kernel/matrix/bias_var_3.png used on input lin
e 116.
(pdftex.def)             Requested size: 433.62pt x 289.07977pt.
)
(./chapter_kernel/sec_derivation.tex [63 <./figures/kernel/matrix/bias_var_1.pn
g>] [64 <./figures/kernel/matrix/bias_var_3.png>] [65]
Overfull \hbox (16.60269pt too wide) in paragraph at lines 68--68
[] 
 []

[66] [67]
Overfull \hbox (12.9217pt too wide) in paragraph at lines 113--113
[] 
 []

[68] [69] [70]) (./chapter_kernel/sec_model.tex [71] [72])
(./chapter_kernel/sec_results.tex [73] [74]
<figures/kernel/names/deg_sexage.png, id=1367, 1204.5pt x 803.0pt>
File: figures/kernel/names/deg_sexage.png Graphic file (type png)

<use figures/kernel/names/deg_sexage.png>
Package pdftex.def Info: figures/kernel/names/deg_sexage.png used on input line
 34.
(pdftex.def)             Requested size: 433.62pt x 289.07977pt.
 [75 <./figures/kernel/names/deg_sexage.png>] <figures/kernel/names/kern_sexage
.png, id=1374, 1204.5pt x 1606.0pt>
File: figures/kernel/names/kern_sexage.png Graphic file (type png)

<use figures/kernel/names/kern_sexage.png>
Package pdftex.def Info: figures/kernel/names/kern_sexage.png used on input lin
e 43.
(pdftex.def)             Requested size: 390.25534pt x 520.35097pt.

<figures/kernel/names/kern_spline_overlay.png, id=1377, 803.0pt x 1204.5pt>
File: figures/kernel/names/kern_spline_overlay.png Graphic file (type png)

<use figures/kernel/names/kern_spline_overlay.png>
Package pdftex.def Info: figures/kernel/names/kern_spline_overlay.png used on i
nput line 53.
(pdftex.def)             Requested size: 303.53267pt x 455.30708pt.
 [76] [77 <./figures/kernel/names/kern_sexage.png>] [78 <./figures/kernel/names
/kern_spline_overlay.png>]
<figures/kernel/occs/deg_sexage.png, id=1395, 1204.5pt x 803.0pt>
File: figures/kernel/occs/deg_sexage.png Graphic file (type png)

<use figures/kernel/occs/deg_sexage.png>
Package pdftex.def Info: figures/kernel/occs/deg_sexage.png used on input line 
79.
(pdftex.def)             Requested size: 433.62pt x 289.07977pt.
 [79 <./figures/kernel/occs/deg_sexage.png>] <figures/kernel/occs/kern_sexage.p
ng, id=1404, 1204.5pt x 1606.0pt>
File: figures/kernel/occs/kern_sexage.png Graphic file (type png)

<use figures/kernel/occs/kern_sexage.png>
Package pdftex.def Info: figures/kernel/occs/kern_sexage.png used on input line
 92.
(pdftex.def)             Requested size: 390.25534pt x 520.35097pt.
 [80] [81 <./figures/kernel/occs/kern_sexage.png>]
<figures/kernel/occs/kern_spline_overlay.png, id=1418, 803.0pt x 1204.5pt>
File: figures/kernel/occs/kern_spline_overlay.png Graphic file (type png)

<use figures/kernel/occs/kern_spline_overlay.png>
Package pdftex.def Info: figures/kernel/occs/kern_spline_overlay.png used on in
put line 108.
(pdftex.def)             Requested size: 303.53267pt x 455.30708pt.

<figures/kernel/comb/deg_sexage.png, id=1422, 1204.5pt x 803.0pt>
File: figures/kernel/comb/deg_sexage.png Graphic file (type png)

<use figures/kernel/comb/deg_sexage.png>
Package pdftex.def Info: figures/kernel/comb/deg_sexage.png used on input line 
123.
(pdftex.def)             Requested size: 433.62pt x 289.07977pt.
 [82] [83 <./figures/kernel/occs/kern_spline_overlay.png>] [84 <./figures/kerne
l/comb/deg_sexage.png>]
<figures/kernel/comb/kern_sexage.png, id=1442, 1204.5pt x 1606.0pt>
File: figures/kernel/comb/kern_sexage.png Graphic file (type png)

<use figures/kernel/comb/kern_sexage.png>
Package pdftex.def Info: figures/kernel/comb/kern_sexage.png used on input line
 132.
(pdftex.def)             Requested size: 390.25534pt x 520.35097pt.

<figures/kernel/comb/kern_spline_overlay.png, id=1446, 803.0pt x 1204.5pt>
File: figures/kernel/comb/kern_spline_overlay.png Graphic file (type png)

<use figures/kernel/comb/kern_spline_overlay.png>
Package pdftex.def Info: figures/kernel/comb/kern_spline_overlay.png used on in
put line 142.
(pdftex.def)             Requested size: 303.53267pt x 455.30708pt.
)
(./chapter_kernel/sec_discussion.tex [85] [86 <./figures/kernel/comb/kern_sexag
e.png>] [87 <./figures/kernel/comb/kern_spline_overlay.png>]) [88] (./main.bbl
[89]
Chapter 5.

Package Fancyhdr Warning: \fancyhead's `E' option without twoside option is use
less on input line 54.


Package Fancyhdr Warning: \fancyhead's `E' option without twoside option is use
less on input line 54.

[90

] [91] [92]
LaTeX Font Info:    Try loading font information for T1+lmtt on input line 236.

 (/usr/local/texlive/2016/texmf-dist/tex/latex/lm/t1lmtt.fd
File: t1lmtt.fd 2009/10/30 v1.6 Font defs for Latin Modern
)
Package microtype Info: Loading generic settings for font family
(microtype)             `lmtt' (encoding: T1).
(microtype)             For optimal results, create family-specific settings.
(microtype)             See the microtype manual for details.

[93]) (./appendix/appendix_ep.tex [94]
Appendix A.
Package hyperref Info: bookmark level for unknown lstlisting defaults to 0 on i
nput line 6.
(./code/ep.R

Package Fancyhdr Warning: \fancyhead's `E' option without twoside option is use
less on input line 23.


Package Fancyhdr Warning: \fancyhead's `E' option without twoside option is use
less on input line 23.

[95

] [96] [97] [98])) (./appendix/appendix_ode.tex [99]
Appendix B.
(./code/models_split.stan

Package Fancyhdr Warning: \fancyhead's `E' option without twoside option is use
less on input line 22.


Package Fancyhdr Warning: \fancyhead's `E' option without twoside option is use
less on input line 22.

[100

] [101] [102] [103] [104]))
Package atveryend Info: Empty hook `BeforeClearDocument' on input line 106.
 [105]
Package atveryend Info: Empty hook `AfterLastShipout' on input line 106.
 (./main.aux (./chapter_pre/ack.aux))
Package atveryend Info: Executing hook `AtVeryEndDocument' on input line 106.
Package atveryend Info: Executing hook `AtEndAfterFileList' on input line 106.
Package rerunfilecheck Info: File `main.out' has not changed.
(rerunfilecheck)             Checksum: B89609324C12A3387D15372C99D8B618;4383.


LaTeX Warning: There were multiply-defined labels.

Package atveryend Info: Empty hook `AtVeryVeryEnd' on input line 106.
 ) 
Here is how much of TeX's memory you used:
 16642 strings out of 493014
 238626 string characters out of 6133351
 599492 words of memory out of 5000000
 18803 multiletter control sequences out of 15000+600000
 106500 words of font info for 192 fonts, out of 8000000 for 9000
 1141 hyphenation exceptions out of 8191
 39i,16n,48p,3255b,2589s stack positions out of 5000i,500n,10000p,200000b,80000s
{/usr/local/texlive/2016/texmf-dist/fonts/enc/dvips/lm/lm-ec.enc}{/usr/local/
texlive/2016/texmf-dist/fonts/enc/dvips/lm/lm-rm.enc}{/usr/local/texlive/2016/t
exmf-dist/fonts/enc/dvips/lm/lm-mathsy.enc}{/usr/local/texlive/2016/texmf-dist/
fonts/enc/dvips/lm/lm-mathit.enc}{/usr/local/texlive/2016/texmf-dist/fonts/enc/
dvips/lm/lm-mathex.enc}</usr/local/texlive/2016/texmf-dist/fonts/type1/public/l
m/lmbx12.pfb></usr/local/texlive/2016/texmf-dist/fonts/type1/public/lm/lmex10.p
fb></usr/local/texlive/2016/texmf-dist/fonts/type1/public/lm/lmmi10.pfb></usr/l
ocal/texlive/2016/texmf-dist/fonts/type1/public/lm/lmmi12.pfb></usr/local/texli
ve/2016/texmf-dist/fonts/type1/public/lm/lmmi6.pfb></usr/local/texlive/2016/tex
mf-dist/fonts/type1/public/lm/lmmi8.pfb></usr/local/texlive/2016/texmf-dist/fon
ts/type1/public/lm/lmr10.pfb></usr/local/texlive/2016/texmf-dist/fonts/type1/pu
blic/lm/lmr12.pfb></usr/local/texlive/2016/texmf-dist/fonts/type1/public/lm/lmr
17.pfb></usr/local/texlive/2016/texmf-dist/fonts/type1/public/lm/lmr6.pfb></usr
/local/texlive/2016/texmf-dist/fonts/type1/public/lm/lmr8.pfb></usr/local/texli
ve/2016/texmf-dist/fonts/type1/public/lm/lmri12.pfb></usr/local/texlive/2016/te
xmf-dist/fonts/type1/public/lm/lmsy10.pfb></usr/local/texlive/2016/texmf-dist/f
onts/type1/public/lm/lmsy6.pfb></usr/local/texlive/2016/texmf-dist/fonts/type1/
public/lm/lmsy8.pfb></usr/local/texlive/2016/texmf-dist/fonts/type1/public/lm/l
mtt12.pfb></usr/local/texlive/2016/texmf-dist/fonts/type1/public/lm/lmtt8.pfb><
/usr/local/texlive/2016/texmf-dist/fonts/type1/public/lm/lmtti10.pfb></usr/loca
l/texlive/2016/texmf-dist/fonts/type1/public/amsfonts/symbols/msbm10.pfb></usr/
local/texlive/2016/texmf-dist/fonts/type1/public/rsfs/rsfs10.pfb></usr/local/te
xlive/2016/texmf-dist/fonts/type1/public/xypic/xyatip10.pfb></usr/local/texlive
/2016/texmf-dist/fonts/type1/public/xypic/xybtip10.pfb>
Output written on main.pdf (118 pages, 8048964 bytes).
PDF statistics:
 2192 PDF objects out of 2487 (max. 8388607)
 1921 compressed objects within 20 object streams
 732 named destinations out of 1000 (max. 500000)
 26332 words of extra memory for PDF output out of 29859 (max. 10000000)

