\BOOKMARK [0][-]{chapter*.2}{List of Figures}{}% 1
\BOOKMARK [0][-]{chapter.1}{Introduction}{}% 2
\BOOKMARK [0][-]{chapter.2}{Distributed expectation propagation for partitioned data}{}% 3
\BOOKMARK [1][-]{section.2.1}{Introduction}{chapter.2}% 4
\BOOKMARK [1][-]{section.2.2}{Expectation propagation}{chapter.2}% 5
\BOOKMARK [2][-]{subsection.2.2.1}{Hierarchical framework}{section.2.2}% 6
\BOOKMARK [2][-]{subsection.2.2.2}{Hierarchical EP framework}{section.2.2}% 7
\BOOKMARK [2][-]{subsection.2.2.3}{EP algorithm}{section.2.2}% 8
\BOOKMARK [2][-]{subsection.2.2.4}{Approximating the tilted distribution}{section.2.2}% 9
\BOOKMARK [2][-]{subsection.2.2.5}{Keeping the covariance matrix positive definite}{section.2.2}% 10
\BOOKMARK [1][-]{section.2.3}{Experiments with partitioned data and hierarchical models}{chapter.2}% 11
\BOOKMARK [2][-]{subsection.2.3.1}{Simulated hierarchical linear regression}{section.2.3}% 12
\BOOKMARK [2][-]{subsection.2.3.2}{Simulated hierarchical logistic regression}{section.2.3}% 13
\BOOKMARK [2][-]{subsection.2.3.3}{Simulated hierarchical logistic regression with Gaussian dip}{section.2.3}% 14
\BOOKMARK [2][-]{subsection.2.3.4}{Galactic ultraviolet data}{section.2.3}% 15
\BOOKMARK [1][-]{section.2.4}{Results}{chapter.2}% 16
\BOOKMARK [2][-]{subsection.2.4.1}{Simulated hierarchical linear regression}{section.2.4}% 17
\BOOKMARK [2][-]{subsection.2.4.2}{Simulated hierarchical logistic regression}{section.2.4}% 18
\BOOKMARK [2][-]{subsection.2.4.3}{Simulated hierarchical logistic regression with dip}{section.2.4}% 19
\BOOKMARK [2][-]{subsection.2.4.4}{Galactic ultraviolet data}{section.2.4}% 20
\BOOKMARK [1][-]{section.2.5}{Discussion}{chapter.2}% 21
\BOOKMARK [0][-]{chapter.3}{Ordinary differential equation integration for dark energy estimation}{}% 22
\BOOKMARK [1][-]{section.3.1}{Introduction}{chapter.3}% 23
\BOOKMARK [1][-]{section.3.2}{Previous research}{chapter.3}% 24
\BOOKMARK [2][-]{subsection.3.2.1}{The Shariff+others:2016 BAHAMAS model}{section.3.2}% 25
\BOOKMARK [1][-]{section.3.3}{An improved statistical method for expansion rate estimation}{chapter.3}% 26
\BOOKMARK [2][-]{subsection.3.3.1}{Improved priors}{section.3.3}% 27
\BOOKMARK [2][-]{subsection.3.3.2}{Additional covariates}{section.3.3}% 28
\BOOKMARK [2][-]{subsection.3.3.3}{Computational improvements}{section.3.3}% 29
\BOOKMARK [1][-]{section.3.4}{Results}{chapter.3}% 30
\BOOKMARK [2][-]{subsection.3.4.1}{Baseline}{section.3.4}% 31
\BOOKMARK [2][-]{subsection.3.4.2}{Baseline with new priors}{section.3.4}% 32
\BOOKMARK [2][-]{subsection.3.4.3}{Star metallicity}{section.3.4}% 33
\BOOKMARK [2][-]{subsection.3.4.4}{Star formation rate}{section.3.4}% 34
\BOOKMARK [2][-]{subsection.3.4.5}{Galaxy age}{section.3.4}% 35
\BOOKMARK [1][-]{section.3.5}{Discussion}{chapter.3}% 36
\BOOKMARK [0][-]{chapter.4}{Latent mixing kernel for aggregate relational data}{}% 37
\BOOKMARK [1][-]{section.4.1}{Introduction}{chapter.4}% 38
\BOOKMARK [1][-]{section.4.2}{Previous research}{chapter.4}% 39
\BOOKMARK [2][-]{subsection.4.2.1}{The Zheng+others:2006 model with overdispersion}{section.4.2}% 40
\BOOKMARK [2][-]{subsection.4.2.2}{The McCormick+others:2010 non-random mixing model}{section.4.2}% 41
\BOOKMARK [1][-]{section.4.3}{Latent kernel representation of social mixing}{chapter.4}% 42
\BOOKMARK [2][-]{subsection.4.3.1}{Latent mixing kernel}{section.4.3}% 43
\BOOKMARK [2][-]{subsection.4.3.2}{Expectation derivation}{section.4.3}% 44
\BOOKMARK [2][-]{subsection.4.3.3}{Dependence on Alter Degree}{section.4.3}% 45
\BOOKMARK [2][-]{subsection.4.3.4}{Kernel Bandwidth Spline}{section.4.3}% 46
\BOOKMARK [1][-]{section.4.4}{Latent kernel model and computation}{chapter.4}% 47
\BOOKMARK [2][-]{subsection.4.4.1}{Likelihood, priors and posterior}{section.4.4}% 48
\BOOKMARK [2][-]{subsection.4.4.2}{MCMC algorithm}{section.4.4}% 49
\BOOKMARK [1][-]{section.4.5}{Results}{chapter.4}% 50
\BOOKMARK [2][-]{subsection.4.5.1}{Names}{section.4.5}% 51
\BOOKMARK [2][-]{subsection.4.5.2}{Occupations}{section.4.5}% 52
\BOOKMARK [2][-]{subsection.4.5.3}{Combined}{section.4.5}% 53
\BOOKMARK [1][-]{section.4.6}{Discussion}{chapter.4}% 54
\BOOKMARK [0][-]{chapter.5}{Bibliography}{}% 55
\BOOKMARK [0][-]{Appendix.a.A}{Appendix Stan Code for Distributed Expectation Propagation}{}% 56
\BOOKMARK [0][-]{Appendix.a.B}{Appendix Stan Code for Supernovae ODE Integration}{}% 57
